<?xml version="1.0" encoding="UTF-8"?>
<!-- Generated by org.testng.reporters.JUnitReportReporter -->
<testsuite hostname="LAPTOP-ED3B4Q90" failures="0" tests="1" name="tests.selenium.TC003_CreateIncidentUsingRestAndVerifyUsingSelenium" time="57.499" errors="0" timestamp="2022-06-11T11:34:31 IST" skipped="0">
  <testcase classname="tests.selenium.TC003_CreateIncidentUsingRestAndVerifyUsingSelenium" name="createIncident" time="57.499"/>
  <system-out/>
</testsuite> <!-- tests.selenium.TC003_CreateIncidentUsingRestAndVerifyUsingSelenium -->
