<?xml version="1.0" encoding="UTF-8"?>
<!-- Generated by org.testng.reporters.JUnitReportReporter -->
<testsuite hostname="LAPTOP-ED3B4Q90" failures="0" tests="1" name="runner.RunCucumberUsingTestNG" time="12.644" errors="0" timestamp="2022-06-05T06:56:24 IST" skipped="0">
  <testcase classname="runner.RunCucumberUsingTestNG" name="runScenario" time="12.644"/>
  <system-out/>
</testsuite> <!-- runner.RunCucumberUsingTestNG -->
