<?xml version="1.0" encoding="UTF-8"?>
<!-- Generated by org.testng.reporters.JUnitReportReporter -->
<testsuite hostname="DESKTOP-BN3PUO8" failures="0" tests="1" name="tests.rest.TC002_GetIncidents" time="7.419" errors="0" timestamp="2023-03-26T17:16:40 IST" skipped="0">
  <testcase classname="tests.rest.TC002_GetIncidents" name="getIncident" time="7.419"/>
  <system-out/>
</testsuite> <!-- tests.rest.TC002_GetIncidents -->
