<?xml version="1.0" encoding="UTF-8"?>
<!-- Generated by org.testng.reporters.JUnitReportReporter -->
<testsuite hostname="DESKTOP-BN3PUO8" failures="0" tests="1" name="uibank.UiBank" time="7.129" errors="0" timestamp="2023-05-28T15:39:37 IST" skipped="0">
  <testcase classname="uibank.UiBank" name="createAccounts" time="7.129"/>
  <system-out/>
</testsuite> <!-- uibank.UiBank -->
