<?xml version="1.0" encoding="UTF-8"?>
<!-- Generated by org.testng.reporters.JUnitReportReporter -->
<testsuite hostname="DESKTOP-BN3PUO8" failures="0" tests="1" name="tests.rest.TC003_CreateChangeRequest" time="7.879" errors="0" timestamp="2023-03-26T10:52:33 IST" skipped="0">
  <testcase classname="tests.rest.TC003_CreateChangeRequest" name="createCR" time="7.879"/>
  <system-out/>
</testsuite> <!-- tests.rest.TC003_CreateChangeRequest -->
