<?xml version="1.0" encoding="UTF-8"?>
<!-- Generated by org.testng.reporters.JUnitReportReporter -->
<testsuite hostname="DESKTOP-BN3PUO8" failures="0" tests="1" name="test.bank.TestUiBank" time="8.526" errors="0" timestamp="2023-04-30T09:56:46 IST" skipped="0">
  <testcase classname="test.bank.TestUiBank" name="createAccounts" time="8.526"/>
  <system-out/>
</testsuite> <!-- test.bank.TestUiBank -->
