<?xml version="1.0" encoding="UTF-8"?>
<!-- Generated by org.testng.reporters.JUnitReportReporter -->
<testsuite skipped="0" hostname="TL0017" name="com.framework.servicenow.tests.rest.TC001_CreateIncident" tests="1" failures="0" timestamp="2023-06-22T16:47:06 IST" time="9.236" errors="0">
  <testcase name="createIncident" time="9.236" classname="com.framework.servicenow.tests.rest.TC001_CreateIncident"/>
  <system-out/>
</testsuite> <!-- com.framework.servicenow.tests.rest.TC001_CreateIncident -->
